<?xml version="1.0" encoding="UTF-8"?>
<!-- Generated by org.testng.reporters.JUnitReportReporter -->
<testsuite hostname="DESKTOP-U1EHAR2" failures="0" tests="1" name="com.SauceDemo.TestClassees.TC12VerifyLogoutFunctionality" time="15.744" errors="0" timestamp="2022-08-11T14:56:56 IST" skipped="0">
  <testcase classname="com.SauceDemo.TestClassees.TC12VerifyLogoutFunctionality" name="verifyLogoutFunctionality" time="15.744"/>
  <system-out/>
</testsuite> <!-- com.SauceDemo.TestClassees.TC12VerifyLogoutFunctionality -->
