<?xml version="1.0" encoding="UTF-8"?>
<!-- Generated by org.testng.reporters.JUnitReportReporter -->
<testsuite hostname="DESKTOP-U1EHAR2" failures="0" tests="1" name="com.SauceDemo.TestClassees.TC01VerifyURL" time="1.590" errors="0" timestamp="2022-08-11T14:54:36 IST" skipped="0">
  <testcase classname="com.SauceDemo.TestClassees.TC01VerifyURL" name="VerifyURL" time="1.590"/>
  <system-out/>
</testsuite> <!-- com.SauceDemo.TestClassees.TC01VerifyURL -->
